<?xml version="1.0" encoding="utf-8"?><testsuites name="pytest tests"><testsuite name="pytest" errors="0" failures="0" skipped="0" tests="16" time="15.952" timestamp="2026-06-09T20:28:12.986022+00:00" hostname="agent-env-a7eeb10c-d569-4761-a5b3-57dbc901e1f1"><testcase classname="backend.tests.test_cryptoffiliate_api.TestRoot" name="test_root_ok" time="0.201" /><testcase classname="backend.tests.test_cryptoffiliate_api.TestTicker" name="test_ticker_shape_and_source" time="0.265" /><testcase classname="backend.tests.test_cryptoffiliate_api.TestTicker" name="test_ticker_cache_hit" time="1.608" /><testcase classname="backend.tests.test_cryptoffiliate_api.TestAIAdvisorStream" name="test_empty_messages_returns_400" time="0.058" /><testcase classname="backend.tests.test_cryptoffiliate_api.TestAIAdvisorStream" name="test_assistant_last_returns_400" time="0.068" /><testcase classname="backend.tests.test_cryptoffiliate_api.TestAIAdvisorStream" name="test_stream_emits_both_delta_formats" time="2.074" /><testcase classname="backend.tests.test_cryptoffiliate_api.TestAIAdvisorAnalyze" name="test_empty_prompt_returns_400" time="0.119" /><testcase classname="backend.tests.test_cryptoffiliate_api.TestAIAdvisorAnalyze" name="test_scam_detector_ok" time="8.527" /><testcase classname="backend.tests.test_cryptoffiliate_api.TestStatus" name="test_create_and_list_status" time="0.149" /><testcase classname="backend.tests.test_cryptoffiliate_api.TestSubscribe" name="test_invalid_email_returns_400" time="0.081" /><testcase classname="backend.tests.test_cryptoffiliate_api.TestSubscribe" name="test_valid_email_returns_200_with_resend_and_supabase_blocks" time="0.799" /><testcase classname="backend.tests.test_cryptoffiliate_api.TestSubscribe" name="test_rate_limit_returns_429_on_second_call" time="0.774" /><testcase classname="backend.tests.test_cryptoffiliate_api.TestFees" name="test_fees_shape" time="0.370" /><testcase classname="backend.tests.test_cryptoffiliate_api.TestCronSyncFees" name="test_no_auth_returns_401" time="0.146" /><testcase classname="backend.tests.test_cryptoffiliate_api.TestCronSyncFees" name="test_wrong_bearer_returns_401" time="0.159" /><testcase classname="backend.tests.test_cryptoffiliate_api.TestCronSyncFees" name="test_correct_bearer_returns_200" time="0.459" /></testsuite></testsuites>