<?xml version="1.0" encoding="utf-8"?><testsuites name="pytest tests"><testsuite name="pytest" errors="0" failures="0" skipped="0" tests="9" time="12.526" timestamp="2026-06-09T17:10:25.074762+00:00" hostname="agent-env-a7eeb10c-d569-4761-a5b3-57dbc901e1f1"><testcase classname="backend.tests.test_cryptoffiliate_api.TestRoot" name="test_root_ok" time="0.184" /><testcase classname="backend.tests.test_cryptoffiliate_api.TestTicker" name="test_ticker_shape_and_source" time="0.043" /><testcase classname="backend.tests.test_cryptoffiliate_api.TestTicker" name="test_ticker_cache_hit" time="1.587" /><testcase classname="backend.tests.test_cryptoffiliate_api.TestAIAdvisorStream" name="test_empty_messages_returns_400" time="0.046" /><testcase classname="backend.tests.test_cryptoffiliate_api.TestAIAdvisorStream" name="test_assistant_last_returns_400" time="0.042" /><testcase classname="backend.tests.test_cryptoffiliate_api.TestAIAdvisorStream" name="test_stream_emits_both_delta_formats" time="2.131" /><testcase classname="backend.tests.test_cryptoffiliate_api.TestAIAdvisorAnalyze" name="test_empty_prompt_returns_400" time="0.154" /><testcase classname="backend.tests.test_cryptoffiliate_api.TestAIAdvisorAnalyze" name="test_scam_detector_ok" time="8.006" /><testcase classname="backend.tests.test_cryptoffiliate_api.TestStatus" name="test_create_and_list_status" time="0.149" /></testsuite></testsuites>